<?xml version="1.0" encoding="UTF-8"?>
<!-- Generated by org.testng.reporters.JUnitXMLReporter -->
<testsuite ignored="1" hostname="VrushaliP" failures="0" tests="3"
	name="Default test" time="29.763" errors="0"
	timestamp="2023-12-16T21:03:29 IST">
	<testcase classname="testRunnerr.exldataGETTest" name="runExl" time="10.36" />
	<testcase classname="testRunnerr.exldataGETTest" name="runExl" time="9.426" />
	<testcase classname="testRunnerr.exldataGETTest" name="runExl" time="9.43" />
	<testcase classname="testRunnerr.exldataGETTest" name="quitBrowser"
		time="0.0">
		<ignored />
	</testcase> <!-- quitBrowser -->
</testsuite> <!-- Default test -->
